[req] 158 bytes
  hex: deadbeef000000692cb25cf477320ccf92ffe14b6d9bb4979acf4592ee7e4e12a1f364bdff3e59ce097999de820d24bdd7f526864a4f5ab96f52a025
  DEADBEEF

[resp] 96 bytes
  hex: deadbeef0000005502facfb82c86287a7968ffb63374f78105404cd8a9456c269b3a9ff50ce378d0913af6ca3d108c854633f328d2428eae34efe784
  DEADBEEF

[req] 403 bytes
  hex: deadbeef0000017e0ca181996884bd721372c1ccedf979ebd441b6932f95d597c2a23c2d47555eebc15eeaa0cbbaeb43dc9ecf459423366aaa4a8d75
  DEADBEEF

[resp] 676 bytes
  hex: deadbeef000002900b43c2ae9838b60fe7ab9549a3a482c1b4a8ab6cbb998904acd7d583aac96c0dbedcbbb13f18ec0d6fb1185a457b656704073549
  DEADBEEF

[req] 466 bytes
  hex: deadbeef000001b613d55c1f94440b9e579980f672452383d98d805ccd994636d8480931cd27484fad54bb42397bb2de851b14cd3d8a6e2cd02756f5
  DEADBEEF

[resp] 105 bytes
  hex: deadbeef000000491734f46d87412228f30d5174f379d069ef3b1abf25c29087fd6c0da70ffadf90daec402e5dc5c45274994606a21dfb301d17cd44
  DEADBEEF

[req] 133 bytes
  hex: deadbeef000000522afe9fba13090cba317813574ef3959d12b103ef122156343993b818c05ab8f895bc2c035cc4bf9d1be4c4502cfdca2e08f3034e
  DEADBEEF

[resp] 119 bytes
  hex: deadbeef0000005519fec77222bda3b3bfc4b11c92bad0b5e2b90f01c4c9f12b864992f593d5c16e521fcfea6573846ecd6ebcd24d8e8fc5e5d8f720
  DEADBEEF

[req] 434 bytes
  hex: deadbeef0000017e2bfcdd315ac4e4fb6003dae42bb5ccda87984bbae9a2c75c1e7e51fbe8c05e466d5d35c067f3a969eb3a2d2c642a5346b1fe130d
  DEADBEEF

[resp] 719 bytes
  hex: deadbeef00000290363f85126bcfc8fde33d3e2bbd18ffd4aa06b09920d1e46af789093df317ebb8a43651a09c58cdc85d16e2240f982b37a67b9a74
  DEADBEEF

[req] 479 bytes
  hex: deadbeef000001b62073214fb6e06dd21b42f9ec7bc7081f6b3fe6954e0a8472c8cda9fa22dfd221afef6376f50258279232a2d14ffb9bdaef5d9040
  DEADBEEF

[resp] 129 bytes
  hex: deadbeef000000492f8ef4d0ab6db7cd682a15a0561beea1a8ef2948bc38743c5806fa56a02ee1c5f36bea9987126ce51b725ecc9a4ef37dcd81b69f
  DEADBEEF

[req] 1103 bytes
  hex: deadbeef0000043e083658f68229866df182dd15965eb9767d6c48e579b7d50532d7a9c564b63ace6455289e90cdbe7e70b43de784edca8fed93f128
  DEADBEEF

[resp] 144 bytes
  hex: deadbeef000000691e90e2f9ee56e02e2a8d2b4c18315ac350a76b2c98e427bd8ff3c6ea38b3026e7294d7d1e558e483a2bcbda606bc9a6122fd51ec
  DEADBEEF

[resp] 128 bytes
  hex: deadbeef000000690ee3298a4ce8d40fddb951c6d21458f42e0335a5850299e78691b76b728c945cdeeac0291941f6afdecf0e227ebd3947f57ef5b7
  DEADBEEF

[resp] 116 bytes
  hex: deadbeef000000591208ab9a534bf1d9cf34dbbd587acee343fac6cec566f23a30747c82965f47e4ae6a8ef44fe2af5ca7fc948c8fd022681a886472
  DEADBEEF

[req] 777 bytes
  hex: deadbeef000002cc3466f9242fbfb23cf5cfabd48282b48b7d76c705b7c4c795042278010287eaa032c40a76c38579aae7fa1f2942f468bf8fc34177
  DEADBEEF

[req] 2389 bytes
  hex: deadbeef0000093e0ea0d0a6c1a35063fbdec40ad93b894874d22d8dc84218f6e3dd7bde3b633f2338b98dc8e7f9cca6dacb612967b0ebddff81c091
  DEADBEEF

[req] 563 bytes
  hex: deadbeef0000021c0ea50f7a9de66577939fa320cff43d560147ec950ac9c53566647cc8158d9977fbd04cb1cae6b4e1c6e08d5954cc0741573cabcc
  DEADBEEF

[req] 776 bytes
  hex: deadbeef000002cc336e76dab8c00ad6732427095cf0cebd31988b2e806fb605aff963a3f6bcd3a4c7eaea4369ed5fdf75c4aea9f5c7452d0dd6d2f8
  DEADBEEF

[resp] 429 bytes
  hex: deadbeef000001792bea4a61f668ea3cb43c036b793f0a43a62187910f0c369558e0bb295d45f779fad8adbb1dd371aa5a6f3df09764a064cc1aeb67
  DEADBEEF

[resp] 135 bytes
  hex: deadbeef00000069153fd164f071e5feec667c4e8d77f03d4449c36a162167701d67659b8714373fc899c63f1d17e0c106041d34f66028246950d51f
  DEADBEEF

[resp] 315 bytes
  hex: deadbeef000000f93979eb8e113d3faaf7f8fd6aaa9e9d5f449517ef4c71b091ec70ff5e6ad0fa0b66721dec98be863d08d78a832f61c4fb6f666f03
  DEADBEEF

[resp] 404 bytes
  hex: deadbeef00000179123b21260b4e6de0480e2f96bb617d9ae00a9d85b6cbc5196c2feaf5e466c298af28400e353bac9f1c293a476e56bd2f08ed0b6e
  DEADBEEF

[resp] 133 bytes
  hex: deadbeef000000592355d8e0d8585cd0b7baf74b2d6e046a52635fcbbf5f05e5ea7156801207e257937a2c4120342db79f3f28747452cab527bb3a60
  DEADBEEF

[resp] 132 bytes
  hex: deadbeef0000005922f3ed89284a3e1808e73d36210dbdf16a01669214fd4004db9206b76ded60516c6efad3082fdee41420686cc278e707e892d9de
  DEADBEEF

[resp] 419 bytes
  hex: deadbeef0000016931ab1ca4c59e1a7eb909f171e8af116a996c9d1eef7a1d443263b83af7d8b2979dfbc728da479c1583477e9566180917c521fcdd
  DEADBEEF

[req] 1750 bytes
  hex: deadbeef000006bf0ebe9d97fe3731c94d1f9a9a3b79f99136a52cd9ab8b465ff2fb4e3ac9e5ab0bb890ef41fe0e8d3e4628f9779dbfceb98d22645c
  DEADBEEF

[req] 248 bytes
  hex: deadbeef000000e90657860f4399daed7b1919621e605c41ea1b516f6cabffd90231fc97661f724acdf02d12b7ff7c4026f2ce3326ab4ede98de9861
  DEADBEEF

[resp] 146 bytes
  hex: deadbeef00000079102df8fbfd755243686fc62ed77d2eee16c5e2dced613bf652ce2a00859e562c6a83c02fa85e8067a1964cfe6932c9f196841432
  DEADBEEF

[req] 369 bytes
  hex: deadbeef000001293f307622cc56d76f425122be31eb0bc6bea4bbe035d0d9c56b6b89003db81ea9c6465c47c6f61a260b0fc7042cb3af51c9560482
  DEADBEEF

[resp] 3511 bytes
  hex: deadbeef00000d7c3248c592038341061cfe2b7602a6dfa24ad1237b96162775281862986bb906e0588b140fab7e1e3befe4fbc78380f4f2043f4838
  DEADBEEF

[req] 405 bytes
  hex: deadbeef00000169236e897fc835c534d640298783267aebce7fb0aceaa2b2a9e3b6c88261c2c1e9c904c1d597f42f7a1cc452e0b00e2ba051b22db1
  DEADBEEF

[req] 354 bytes
  hex: deadbeef0000013920b2d7b11fd7f84cc32f399b72b4e39a0683eff0c9b3258bf0d00ee7e7303ca02c92672edfe3684fbfadd8193cb84f46acde19cc
  DEADBEEF

[resp] 214 bytes
  hex: deadbeef000000a924c94682181a1d018885a7c914db75e16a850df0793a3b81e39cc2912a384549fe9e4e4bb5dae54e0b06d558c8751e2eec442bf1
  DEADBEEF

[req] 398 bytes
  hex: deadbeef000001493c39259acf68a77b9b4de69f57e1775cff00c05d861bf82c4955a5fe9e299a7a1f4b6d0cd042403952db7fbcc73701dbd95dec21
  DEADBEEF

[req] 370 bytes
  hex: deadbeef0000013237e8de0f5eba88cfe9c69a8baca1545a96f68e806200a9ca127bc47b07da7a97fdc16b9e177738dc960fc138b0b63045134f6b6e
  DEADBEEF

[resp] 152 bytes
  hex: deadbeef0000006926d57e89f15e2a68fd0be3c7c3410677cf0fb9eef5edbe5b8fe3e01e9eab223c301d4c999c25f111cfda4922b99c442fc74320b4
  DEADBEEF

[resp] 187 bytes
  hex: deadbeef000000a909f5d9036c22d1fe82c9d33c1572631cd92b251af7c76f9f2d472af031cf8e89ab1e03ea687ad3f9dd3160d21901eb7e1b8b835a
  DEADBEEF

[resp] 139 bytes
  hex: deadbeef0000006919e36da2494e4abbb4e101ee78d1a3128e253293592832723aa731b54c5f86e59c3a8277390aedf3896e007f64429e6b193354e9
  DEADBEEF

[resp] 182 bytes
  hex: deadbeef000000a90477e3d4183918209fd5b35fc250e0699014a3a9ee08ccd7d86a315d903c9d273e96390d6700f8c07555f685be77072b8236b2a0
  DEADBEEF

[req] 323 bytes
  hex: deadbeef0000013901f04907a79c5fe76b82632d05fd2094fb08e73732b47412d747e63cadad2bd6296031285939e8cf6745877678797ef61efa5caa
  DEADBEEF

[req] 282 bytes
  hex: deadbeef000000f9189b8bc2c46e02625b8db0e76b8a69165f8b7cd43b8dac8c691b80e36b80df4ea88065e87a3fac9ef0338c571684a2e30e5d290e
  DEADBEEF

[req] 819 bytes
  hex: deadbeef000002fb2f2c4dbfdc847ab7f8e773f2c549ab556ec345ab37d276c9907955972a9b36252fb4d2ddf30e8bd12004ed020ab70abd234b1cb5
  DEADBEEF

[req] 283 bytes
  hex: deadbeef00000102105e07a7b041d0852cdd23cc4690dafd086104b8fa768f51ede159e619a73a870e600529c3a8b7ec1e825b363587ab63777b8075
  DEADBEEF

[req] 410 bytes
  hex: deadbeef000001523ff9d4498bb050104e88b699475c68718e6cd8475bb41bcb68e83e49f25ce5a46f1c7c27b929a90016d7b74840d0006c9177330a
  DEADBEEF

[resp] 160 bytes
  hex: deadbeef000000593efb42e17f96f3becabc0fcf16cac5fbb16a0ce32db2588d9baea321dc074c56a1e6f838cddde78620248cf73b75d101a8d46e15
  DEADBEEF

[req] 379 bytes
  hex: deadbeef0000013939ea3d036da56c7624bb9d3e1b77ba977a07b4332609dfaa3687350a098b4750a4a3fb2953fd2428b594eb11f2428f32206a1a6c
  DEADBEEF

[resp] 159 bytes
  hex: deadbeef000000692d78c57107e14a8b5f0aa4bc610e2ed949d26c9ece5f05dcf549424d4db48e421fee5d1b0b811e4040667d5e335bd8f64e959c38
  DEADBEEF

[resp] 341 bytes
  hex: deadbeef00000139133958f03d7fb159fec78b938b6e7445705823edd9aa07ecfa445b279e6724ff5c8dc8d6670f3ca8313b82527cef5d4b342fcd9c
  DEADBEEF

[req] 201 bytes
  hex: deadbeef000000a917be1b2b0f9eff569d138c771acd308ebfd6275cd1dad763a560513d33999c18e3fa2b3be7110f9103b1813278922ea800ba67a1
  DEADBEEF

[req] 184 bytes
  hex: deadbeef000000892686b533676046069fc8ab84889e55b92d562e5235fc841dc9e91aa4fcf97fcb98b0291898fa24b73448c584791dd3d55c7142a8
  DEADBEEF

[req] 447 bytes
  hex: deadbeef000001a2146f70fd05c0c047aa3560fe2883694d2da56e095281447da0cdf0c9dfc3ca1901a44292b22abf6d0ff97e311104a48a52f6166a
  DEADBEEF

[req] 246 bytes
  hex: deadbeef000000e904f8290ec1fb118016653217a38c55f939617439503646380c95317ed3ff732102277be786c79704c834c0b113691f506a5e91d0
  DEADBEEF

[resp] 155 bytes
  hex: deadbeef00000069298854679491de2f9a3b5d5df098687cfc92b1e5f2fdd0a847ac5438dc1fb6ef4b59b9723f53091c9a84bf6ce7d21aaab591fe44
  DEADBEEF

[req] 266 bytes
  hex: deadbeef000000d92868f84a485ea1f41a7f6730e596e55125f8938608536c1d49c375ebd8f03b881757b73ef52e5ac90cdd274d00290529a71af0d2
  DEADBEEF

[resp] 163 bytes
  hex: deadbeef000000693186aa8e3931af8122eeaf0e7958961cf65c849b36e7d439b526646d9e89e1da926bf267e9d8d429f634a8f5c6b9923ca6b3642a
  DEADBEEF

[req] 338 bytes
  hex: deadbeef0000011930f31ad6e198986d83c66bbc764eb01d1f50de27ea10d013a6deae7f866dbd2270f8e578552684e377bd752a5edf3dfd05db2187
  DEADBEEF

[req] 243 bytes
  hex: deadbeef000000d9116f3d161a13b9e76e9023d41eeb04a3bb2363d5bd8883bb33356edc0d8b7a396acca896d5ae6a3184db8fb8b89286fecd931e42
  DEADBEEF

[resp] 101 bytes
  hex: deadbeef0000005903420d60071a5ac9c50739e2d777bcf469ee1daf75ae8f6f8b7ce2105ba57dd887afee6d8897a73714917df238eb746982057df5
  DEADBEEF

[resp] 583 bytes
  hex: deadbeef0000022c12f83729add646e7f24dcbf360526a3a1b3b4cacbd400ada27e9fa2d359d7a02edf3db4b4979b7633a75468fc4499e32d780d3ff
  DEADBEEF

[resp] 133 bytes
  hex: deadbeef0000005923f39bea6cdc98186183c0466708af4295968c784ad3d0ff0ed19bfa08d7a79132d26f41d22468e78d131b4e95742db40353ca12
  DEADBEEF

[req] 297 bytes
  hex: deadbeef00000109175789a7b8b50e6518995571ff2d2112f23d82d42e4199c227ed21641bc040cb19670c3462f88bece1b1c0c89091f52f4fa78c7d
  DEADBEEF

[req] 332 bytes
  hex: deadbeef000001192a0425cc81eb7b9bbe23a9ff3c0a6b7e7ba24e63758af01f23f8c2979ef135865bc769a9dd88ad0714d590f2db9cc350f9e84d2d
  DEADBEEF

[resp] 298 bytes
  hex: deadbeef0000011908183ffe804a8f23cc0c699c63376808d51b675e47e6682f71bfa962d4e7477e36e97b9cb3d84ee49f9f5c3c1d1a13d9e66f6f8e
  DEADBEEF

[resp] 172 bytes
  hex: deadbeef000000693a04b6ea08d69bc10756a67a508e3a333b8de26c32da4821e08cd8d6650a0e26b7c81a3683468b1230dc4c1b619f329519ce2871
  DEADBEEF

[req] 702 bytes
  hex: deadbeef000002a41160158215a193696aa9e2f15522101454f905d6f40445b0dfb8ccd89c5644dbf9488af23bee10d9a79b3ab38099960054376a43
  DEADBEEF

[req] 549 bytes
  hex: deadbeef000001f22adedf30015cef67eccec563e296e9bf4a5d562a8318a22403517668024f273289d0476b7ab16001e61c847ca86eae243912d7e3
  DEADBEEF

[req] 290 bytes
  hex: deadbeef00000119003056f188c96f1aac9299daa77241991f4e35e84ad8201f64442762d3c6daac3fb6f750dee86e8d8a43e39c6b99f7a742b8a782
  DEADBEEF

[req] 301 bytes
  hex: deadbeef000000e93b7d86237b53ace0e0a10769ba3e85efe99cf05529833969aa66433f320f80c0883e7d0226eb050ec8f30b98ea058cc4018355bb
  DEADBEEF

[resp] 963 bytes
  hex: deadbeef0000037c3e8f6dabcd48d066828f5e8f2589a2172fc126c4356264554e89aa7881348bebbc8d276396d010d8b03f394ca9759c27b1eec486
  DEADBEEF

[req] 692 bytes
  hex: deadbeef0000027b30f8c158a409606268275293fb3cc568fe19eff87b7d55f7aaef85f7829686190ab92c649a0eddce1b0bfd784e67fdd36c2244dd
  ✅ JSON! b'\xde\xad\xbe\xef\x00\x00\x02{0\xf8\xc1X\xa4\t`bh\'R\x93\xfb<\xc5h\xfe\x19\xef\xf8{}U\xf7\xaa\xef\x85\xf7\x82\x96\x86\x19\n\xb9,d\x9a\x0e\xdd\xce\x1b\x0b\xfdxNg\xfd\xd3l"D\xdd\x11\xbc\xe8\xc3\xba\xe9n\x03\xde_\x7f\xa4\xf1 \x0f\xd4\xdb[=V\xa7f`]\t\x82\xeb~\x1e\x85;\xa3\xb7^\xcf\xe46\xe1\xce\xa5'
  DEADBEEF

[req] 305 bytes
  hex: deadbeef000001190f307e0ff3d2c0a0220d61e0231d7a5e696e158f0b9feb64c58b27e4e0e4f70a65cf05073aaa865e5e70fa2de94281d518726309
  DEADBEEF

[req] 277 bytes
  hex: deadbeef000000e923444b93b2d64d0850782cd83b801032ba0b5441bf17da71c04e399293c1a93bf70c67d9fdb2996694d1969a8e60c0006a2487f1
  DEADBEEF

[req] 179 bytes
  hex: deadbeef00000099110b3d319ab92457175c9f2d15d809b620cb4bba93b0210191cfa931864ca98730c4e2fe8dcc9db6daef119fa8d94ad442fea2ef
  DEADBEEF

[resp] 131 bytes
  hex: deadbeef0000007901595c313bedf610d7f46ccd4b75736414cf4f540b68909227b8645d5e5a1a8ba66bd8dc86f63c5fbe5179b0bc31eccbc66d52f0
  DEADBEEF

[resp] 146 bytes
  hex: deadbeef000000692058603c5102a215e8a7c909e7baa5e787a05553a1aa49b3f94f2acda1fd35e6f1ffa427b391bdb786099dc2758c3ad15d63685a
  DEADBEEF

[req] 170 bytes
  hex: deadbeef00000089184d7515b49c0e09a05ef804af7bbf72f9138c2e2797a19e3e3d0a85c97de82fdf9a9aefd38442270440bc3721a071b03a1b7d51
  DEADBEEF

[req] 248 bytes
  hex: deadbeef000000d9163b523f37555fdb0c8201ede74655885cdda3e57d87ce7ab73e58b8b217ee49c041bf6ec388137a02d04ceb8117e10d1121963d
  DEADBEEF

[req] 306 bytes
  hex: deadbeef000000f930fee996d329668bc6beac081df6af67a6e1f3f8ae518d92182196314e958cd982b1338b8702f6c43706e9b4b06b35ddee616a40
  DEADBEEF

[req] 215 bytes
  hex: deadbeef000000a925208bfb4a16f4c8dacc46d1c489bc75ef11ceefb558fd13122c9223fd923d77b41d5ec1fa749dac26d369584a16025206538152
  DEADBEEF

[req] 306 bytes
  hex: deadbeef00000119109db62f22c03857fa1573e93ac93549133de0cfff3cb08d96de517eced14306773a303088a9885ea4de20aa3e8ad4be5bbc07e0
  DEADBEEF

[req] 304 bytes
  hex: deadbeef000000f92ef08422c722fefc06d3b21ddf10755ca27dde31c5980efba85a76e08064e3cbc5017fea515af425ba67f0979ee2e8a807345473
  DEADBEEF

[resp] 2939 bytes
  hex: deadbeef00000b5022b2cc6c2617bf3d81244ec6af110ace05cb23629b2242a00a28ae2896d53d3c58a043a556b01fbe496367c16c1b66831a1e3485
  DEADBEEF

[resp] 296 bytes
  hex: deadbeef000000fc238e4c7bc1e86e1c2be99b149bf32fd8c2297e145e0c1f7a615deb580fd96de21cdb415e91e96043d902e35d53e7db51de8d1778
  DEADBEEF

[req] 338 bytes
  hex: deadbeef0000014900c5d4bfb1401f9f225f9d571388743a38b2b6496a10a94e500d57265bc171f74453e1566ddc76de7749e3a9ad4d48bbf6d2fcf0
  DEADBEEF

[req] 185 bytes
  hex: deadbeef0000009917a2857690a53244f271990edba2e208b93c8e0e67697f131fb9b2ddd04c143d252e38d2b04eae93dcd2b5bbfc5d745e5b246465
  DEADBEEF

[resp] 2497 bytes
  hex: deadbeef0000098c2caec4f6f7965bffa274197d77d648cc39c626e3fbd8548120fa63b8a64c6cbc0df3b42fe53842addc0ab0dd6463ce7faf357cfb
  DEADBEEF

[resp] 609 bytes
  hex: deadbeef0000024c0cb8dd4a4c25114a5dd2ba9cb61279480c68edd24004fe1ae793bd1132eb3ca66434ee8ea959b129d63d1ddab35e92f7f3f038ad
  DEADBEEF

[resp] 1504 bytes
  hex: deadbeef000005a82f96f117c7ad7271dc93fc7199e56309ac72c6d2b9b14ef5ca7ff6799302779409c653166e2ee9f43ac2f7e493e72309fca8a67b
  DEADBEEF

[resp] 1425 bytes
  hex: deadbeef0000058008851ff02761b1bc692a46302607c3525e2948ff657d56cccfe2dc26e4ba79e529530fcfecd26488718a401fb096d3b6effe1907
  DEADBEEF

[resp] 622 bytes
  hex: deadbeef0000026401362c770bc6a4b5cd019dfe3b1791e76544ed32c5c45222563e17c2e57a124c44ac225261fc5b03da9962730541f2d594d61392
  DEADBEEF

[resp] 471 bytes
  hex: deadbeef00000199356ac194dc1ad5833b21d0aa1e48445a4834bf7aa0072a1cd7ac31d381edd31b480d1961c19309f6d96b4197dadd6a7136473af1
  DEADBEEF

[resp] 292 bytes
  hex: deadbeef000000f9229380ff3edb8e74ef2214a698a3ec3af1ee5c366356696967bd8662070ad11cecc148298936cd274ddf687d2e671c0a74d23858
  DEADBEEF

[resp] 141 bytes
  hex: deadbeef000000790b74be6cb0fb6e14ea41deafe648e38b3426301104a868387515ed0296fee28490d7778b71a568891ea220ebfca78e839764bed9
  DEADBEEF

[resp] 2962 bytes
  hex: deadbeef00000b503939f7ed82deaf8eb4572580d2924dee199e0a75815cb0facc19bca6e3bf91eef1be215cd481c0b3ce9273e80b396890a67a1749
  DEADBEEF

[resp] 2834 bytes
  hex: deadbeef00000b00094e01596a0ab66f858edfae2ac2acc7d5400b5e85022f1ea167c5cb45d04f1eb8c67bb463934ee3efa6ebfa776dfec423560fa7
  DEADBEEF

[resp] 5677 bytes
  hex: deadbeef0000160c18f367fc0cc6cf54de1ce0dd15dc497c3064c4bd0b90c71ee45cdb4256b070a0e5c6443290560a5dfdb1b33d206f05bd5a99953e
  DEADBEEF

[resp] 6058 bytes
  hex: deadbeef000017841d6b9f5de419ce4afa08ecce657435ea386337e5cc050f0e27200ad668485b507e3c1e12031a7e8a72649fbb4557e7e705a9d5bb
  DEADBEEF

[resp] 2883 bytes
  hex: deadbeef00000b0832df12319b73f84a5dabe2296a3ac58129f153a6320f2df58eb4ca1edc7c18c8c922157c0c70fe49681a02eed0dbf1b5b8c5b607
  DEADBEEF

[resp] 104 bytes
  hex: deadbeef0000004817bb25f0d507acfb84f419c077623a37b168838c8084a6ac6f44d86667c181aab0205d0bbc9e5c3d42dd12349b13813bcf7e0489
  DEADBEEF

[resp] 2936 bytes
  hex: deadbeef00000b501f022087ff4a2797ef66d19595b942ce734b84c849d2fbdd6b3c457d968a3d410920275f898e8dd9afcede7d952de29242bc003a
  DEADBEEF

[resp] 2923 bytes
  hex: deadbeef00000b501297f7d299eb7ecb2880d8b1656eb328ed9cc98415f353a82f5a47fb2df3ec1961e9024ded8c0f1ef82a61eed9d1c440909d741a
  DEADBEEF

[resp] 1447 bytes
  hex: deadbeef000005801e4e86d34be9d166ae649adaa987805ca5809a678e0f7936bff1b94c307b0ed839f68aacce440ad673a443cebc038ff156979c0b
  DEADBEEF

[resp] 16384 bytes
  hex: deadbeef000042f029ce69238c62bf7a0b03879ec6325b81b86a9b617201de1953d86c4494b87b6e8646c64be87bb9564664d747ec2d3ab63ad9dffe
  DEADBEEF

[resp] 802 bytes
  hex: 58aeae6143b64487516096b316a379fc561457c994caf0baba7e5b78dd5eb60a85a0d0a432cd379c49b537a6c2ddfaa7becd080428180441840c5bf6

[resp] 10476 bytes
  hex: deadbeef000028b033b5533ebc811e58c12a78804e90f61eba2a8449f56da153b23a68ebaf06a930fcd87d33d64e3f0eeb0b6fa1177de837a86abee1
  DEADBEEF

[resp] 5716 bytes
  hex: deadbeef000016103b3ee5d213861ed0541fd8332f49cdd056dc393f9ad405c17851e60e8d5e3805c293b5e370b1de93a10de249f6cbace4b75083c8
  DEADBEEF

[resp] 201 bytes
  hex: deadbeef00000090300c010df610eccc27f638f8e6cb448a3dc6d4b9ee42a8958360c3ca7b042c6444ce05f287c7393f69e9b09d59d544d8916a3d60
  DEADBEEF

[resp] 303 bytes
  hex: deadbeef000000f72f84f5ed073ef515f120b73128946b3039c32ad9bc7aac7e5144d2ce384380fe7808d4630d585c0f5b3c4e1990c864a5b7dcb513
  DEADBEEF

[resp] 1667 bytes
  hex: deadbeef0000063c3e209b701e1d7366a6cf0b12ecb07b28fbb23041782c74b41cc0d48d44896d6e0b7d7d0e8aadfeb69b0e04fd9e8abdcacd2cd202
  DEADBEEF

[req] 4003 bytes
  hex: deadbeef00000f68321886aec1dc49d50b0b1c05a44274abe84d7c386ff77bf7f7f30beb95e779ed87d72245920324d9807fc780c97be9ba08d07f8c
  DEADBEEF

[req] 1151 bytes
  hex: deadbeef0000091a3132c4499293ea9c8e4b341e38fbb083908fa02d960c16883fbc84b67cd7e69f8652e3efbd5e92207a26b67bd7f1e64a7beab511
  DEADBEEF

[req] 1237 bytes
  hex: 2584cb0ffb5f41a1cef72e6b5272c47081384e7a69f6dd82b42a97c49e615f7a75cb64a49d408043f7b81a674eaf0e3fdf2019d78fce07438465950b

[req] 150 bytes
  hex: deadbeef00000089046790c35d75405f9720c2705546e95398e388a2b9d51905e8e2db4ad2d39bf8467ce3b4f04c7cfefc85480a1767bb37797a0ffc
  DEADBEEF

[req] 363 bytes
  hex: deadbeef0000015909b15ef14ddd95156bce89a66d802a7c3a0881739744ac189a5de7c8553ef772146130cf0a4eb7c4491487872a1c55eaaecc355c
  DEADBEEF

[resp] 150 bytes
  hex: deadbeef0000006924885d9dd4086a30725afeb411e1d2eacc92e264d804cdda9fb959d6bff9fd04e4ac5f816969575d687f473f4a35a3a02d514f8f
  DEADBEEF

[resp] 127 bytes
  hex: deadbeef000000690d84567dbb468c245df2971b60952e984a44f09894b79d53d334e55bda8544f831a359056fd811d37703ebdb711a851035142a4a
  DEADBEEF

[resp] 133 bytes
  hex: deadbeef000000691335f43f17dd86f1d23d12f8fc12917171f5cd9f1054be125f55c2da4624d33e8c91c2cf05529aeda3afbb71847e19476c276a9b
  DEADBEEF

[resp] 116 bytes
  hex: deadbeef0000006902bbbc15437cffc6cc085f55de7e963e4eece2dc18974e5d16a762cae6577dda9c6a5effb4122ca7e2949819f40e5f1024f25e4d
  DEADBEEF

[resp] 129 bytes
  hex: deadbeef000000690f42a5213345566d6705236dae7fa2f14da13189b964afe92951cba204742a5a72470ef1506aba07aeb17ac92a6ddb07bc4fb8fb
  DEADBEEF

[resp] 158 bytes
  hex: deadbeef000000692c083f20fff657ea2d2a1495b3387e1182e57c15fcad037d185036e481bc3301ed813865d8f25bdf089c2e4e8cb52e2db680f301
  DEADBEEF

[resp] 118 bytes
  hex: deadbeef000000690455a08b576577e1835263f380201dd434e32747fbc88a39271a1ac1cfb7582b94e67d55c0f9d96872716cab66ec85c3ce353455
  DEADBEEF

[resp] 143 bytes
  hex: deadbeef000000691de2451e5050c54337ca51082cb3f0a2734cca0e31b7904ff552c8d75c65a2e3aff527f2e736677797e25ecc37118b12a33aa487
  DEADBEEF

[resp] 153 bytes
  hex: deadbeef00000069272d686110c625b27abe8f134f9b4dfaf9e35ee5e6932f382f61e2fff0c41de4fa425a8ba98f150d705377b64e419b93fa338e24
  DEADBEEF

[resp] 159 bytes
  hex: deadbeef000000692dda42aad5ca8b4cffb8019833be7023cb95b6eb9d1ffcb85bb0d47f1ac6ed2cfe93edb4930c2384f4f0b9bc9d92debb8fedaffb
  DEADBEEF

[req] 1191 bytes
  hex: deadbeef0000047d21020f119681ba9b9e9faed82a819d57d285a45754e8141871757cd996475e4da40b8996bafb089a3dc738756b6edf78ff100f96
  DEADBEEF

[req] 1197 bytes
  hex: deadbeef0000047c28508d5253cc7a180fb98b476ba71f5d1348f625691540cebd22f605c56efcd0b3bdefbcb18ad3224a59e2786e3d978a50d8d81d
  DEADBEEF

[req] 179 bytes
  hex: deadbeef000000a90131770c545076a4b7a0ab7aa60ae118a865fa18f3bbe3a607a5fd11a548f8e6ac95325899e7d8c23a930e1af5086d9bc821c219
  DEADBEEF

[req] 267 bytes
  hex: deadbeef000000e91939d1ac65e17e63d5fc1239ceaea2b2c0e0121d4948d671bcc185b1b346904751c146b223013d5a0cb50bdd7475299b6750597b
  DEADBEEF

[resp] 2076 bytes
  hex: deadbeef000007fc17b83fc441e881651104771f76c19b0baf350503bc1aa318777d300c90e025e2488dfdf43ce9acc6492080bd31ec8af07f483e1b
  DEADBEEF

[resp] 130 bytes
  hex: deadbeef00000069103d399adb25967c435a875c4ebb5d8345a2b7659a6e65ff1c3d46ed6b26c053c966583a9ea778e03b55d35065ca36d795ad46e2
  DEADBEEF

[resp] 118 bytes
  hex: deadbeef0000006904f68f0abf69a597b37c9d2eb221b94affde4f2d49524fd5bbd8d69a2cbc4a595542330548f78dbe4347b1833259ea40ca827865
  DEADBEEF

[resp] 132 bytes
  hex: deadbeef0000006912147be4b3de7d9ad4f95c68446d5e6678118a4ddfe184336d39efd1b3c7c4419529bcbdcc86d3529814554266ca7f13b85f2c43
  DEADBEEF

[resp] 115 bytes
  hex: deadbeef00000069011363f49a25399acef5f395263357e3207a93ef3b1ca213796b30b56b12c41b2c0c6ab147ab768fa7d6bfbc021fc809f9d190fe
  DEADBEEF

[resp] 225 bytes
  hex: deadbeef000000c90f9beee17d87f44511ca9adaacdd5440729cff91166fbbc01a05965a27f085bd83d4133d1ca6334fb7000800de6c6dfa49923fe8
  DEADBEEF

[resp] 143 bytes
  hex: deadbeef000000691da480ae35c64912987a171f0788e20bffb0051b1952dea2e877fe89c0bbac0b7c421a4baca4900311d8f7bc2f00efcb0001cc8c
  DEADBEEF

[resp] 164 bytes
  hex: deadbeef0000006932a68baded639d504066cc6bf6fbb245762c717f86e629156656b47fc0baf33d52cdf016e7bfb78a2f982ec2d8b0bcee909fdc55
  DEADBEEF

[resp] 4393 bytes
  hex: deadbeef000010f82855e3cd5d4fef5eef4d6ca806dced65a136aba732d7dbf9bbb73afccc98d32c862b268cfb201fa4853fe415169b9782652fc497
  DEADBEEF

[resp] 1039 bytes
  hex: deadbeef000003d4324c4059f9d7142aa868e4c04c97c881d0d45d8c61689f5c41bacc3bc1c699ec970bd362808e56760138aa5211ae7680e974c5f7
  DEADBEEF

[req] 1036 bytes
  hex: deadbeef000003d42f39a645ec968e871410c629edfc306df4b317f88d95889a9820b11348d07a62faafae33f49d0843984f80ced65c04f072d18c57
  DEADBEEF

[req] 529 bytes
  hex: deadbeef000001e226faa91447b6f679d0e7ac6f00dd2acf1a39b528b101066aad17f17c774138bf482701d8fd8353930b178f8967c99feb02547c88
  DEADBEEF

[resp] 126 bytes
  hex: deadbeef000000690cd88b4c8b4758c37beebdd9f9d2d556465ed484c48dbdc23c12caaf1750b14748313c7e4c19cd02a82ce4ea8ba096ab9ffc644d
  DEADBEEF

[resp] 696 bytes
  hex: deadbeef000002ac03c119e699800f62b6da4fc4d128ef9aa289c9caa5c3b7111f3d67e90c3a920d7459ab63417a0947d5572ed8770df416431cf62a
  DEADBEEF

[resp] 2878 bytes
  hex: deadbeef00000b003570d461444e8059102edc33f1fd4c5ab6ae564988e5e07290db5688b62894970aac0c1f6440aeea8a97d486058e935872d09ab3
  DEADBEEF

[resp] 2264 bytes
  hex: deadbeef000008cc033cd08cc14e6e1e31234d4768588f7b3876e2aa6227ba71fcda96b4e19b49dddfbbe308bd5ce42982635f2300e06a0be996e7a6
  DEADBEEF

[req] 874 bytes
  hex: deadbeef0000032b366985ff95ac4a792956a7b3d2f573ca0cf7d9b3ca63a9e82432e79c6b527375dadb3ea1b2d405cda976db2fdf36c7db7e2ffb2b
  DEADBEEF

[req] 233 bytes
  hex: deadbeef000000b92772e21b68e9872653a8fea9247c50902c2f429c695cf77b656a7d5a62f50df0b5097fe7c7e6da577262bb9170c7fcdedffa798f
  DEADBEEF

[resp] 4281 bytes
  hex: deadbeef00001080302d40dcc13746bc4529a9fb288b946d0d7c90ad42a782e41e9796f33529c7842d80bb9d0dff4d3f1d68919d4f6123d6d4ba8c8a
  DEADBEEF

[resp] 48 bytes
  hex: deadbeef0000001c0bb7736d9709de2c557d24d4e72d6371072dfe4b2534d40f44108178080d5d106fcb5abc39d52ae3
  DEADBEEF

[req] 350 bytes
  hex: deadbeef000001391c12258707394a3f8d55ee187a757ca53805724fac3d3f6ca5ec236a0075ca365db205c0774704820a5e4917dc8e5f3a1ae869c7
  DEADBEEF

[resp] 4273 bytes
  hex: deadbeef00001080284518b5b2ce065b4d10c052352b6bae280a228e5fa75227db6b161bd3ded310585f86bfed4df533348ee2c615b2436ee8e0d656
  DEADBEEF

[resp] 868 bytes
  hex: deadbeef0000034c0f3e30bf908fb7455a3ad62ab5b43b79dad752fbc210bb03eb85aa6d7d3e96838f844ad9144a931b7124b491e3a4bcfcced3ec6f
  DEADBEEF

[resp] 4299 bytes
  hex: deadbeef000010a81aaad690999512e550ea035599f89053c2c2ab2dbce29ca6defafbdac791ffb744eb50c7b77233c164036acfd1e81164b95bd6dd
  DEADBEEF

[resp] 830 bytes
  hex: deadbeef00000324118fe4cb57a5e4e54aea6e6dcdb4d601306fb05095f57e97085ca6bc541a575c531cdf805b66925e4fcbeae05fb1e796c340178b
  DEADBEEF

[resp] 697 bytes
  hex: deadbeef0000028c240bc10e02887c33e87ac5252fe6ea196922b75f7fb5438717e4a26712fb918cb3ac8cc9dbe610ff7451da06ec55a45c3fe14672
  DEADBEEF

[resp] 3476 bytes
  hex: deadbeef00000d7c0f53ca7cdb391fab83eefd3a71f6728bf3593ff3d24decf941fc540beb854d0d1b24d2c0b666b41b32e265eb88d59b89d0a0d532
  DEADBEEF

[req] 188 bytes
  hex: deadbeef000000793aa1de94612169b5ff34b3d2cc9337ac09f7044eedf96bc063497e82805ebc2b187f0c6f7da16828f17e49f9cba741c68705bb1e
  DEADBEEF

[resp] 2855 bytes
  hex: deadbeef00000b001efe74c5d8f256c2609374d5a53a2b6a76e717a1d40cadb9e0ade8c972f7f996798101ed15051eec665252d002434bd01d6ed4df
  DEADBEEF

[resp] 1487 bytes
  hex: deadbeef0000059c2a4f0560ba1779be7d009c10d4b67dea8cacb018a7ecd99bf8876b072f8633cd72fff8d42e5931e605ebe8abe6d620b06e0c88d2
  DEADBEEF

[req] 480 bytes
  hex: deadbeef000001a2353429854bc6ff469d0232ff26c62fbe939806f35fcfde045e8cd4f692d63781d36a409b11dc400bc16c0ff0543216db27b5dad1
  DEADBEEF

[resp] 5089 bytes
  hex: deadbeef000013cc0ca0be658195f903f961428aeca83d2413a42e8f99166f7772c247cf586edc74ef5ff9026e9b5bbd264457dad14489768b6d55b7
  DEADBEEF

[req] 448 bytes
  hex: deadbeef000001a90e607da0142a8715fde7bc88998bb0bb56b1b49cd3ca8098d37de17e42a4bd3a74e5dab69fb254315ddc12d0299bda11b9d3a3e9
  DEADBEEF

[req] 319 bytes
  hex: deadbeef000001290d8001fcfdd7aba21ded4d056e8ada4505eec22fbad8dd807c2f446afcc6f88f8d9c90fe550ac6ef86a568beb814f47caae492ef
  DEADBEEF

[resp] 2851 bytes
  hex: deadbeef00000b001ae6c1add93f8fb6be9b52d80fa8eea745178a889d74c21586c2744f353445dd8fb5fb76bb2f9c9b39903b7184a27674778cbc8f
  DEADBEEF

[resp] 2286 bytes
  hex: deadbeef000008cc19d4f92fb896157c354887bddf0fa5a03f4fd0a0bcb324280c9fae253c1e2e83adaa9b46a128e17baba1c516cf34fae5663a80fb
  DEADBEEF

[resp] 1462 bytes
  hex: deadbeef000005802df1d91953ba5fe7fea9113d50a96d26d33b4a3308f7d4c3b73cc3b42d84be6cbdd673006f3f516fe7b6b365c51dc82107704876
  DEADBEEF

[resp] 3680 bytes
  hex: deadbeef00000e4c0b75fca5077069375acf5c9c8a5d6e0520c8cb6fe644526dc029a9558bf4e8f3781adda71374eef4ac9f41fa6d31cd8880ed995b
  DEADBEEF

[resp] 2956 bytes
  hex: deadbeef00000b503345a09d8615c97678f8f661141e47c565814eecce2c2599210be4d5e53339f594cc386e4d1c1bd3eaa309818a6d4171d843e347
  DEADBEEF

[resp] 2906 bytes
  hex: deadbeef00000b5001a4619a5f37107748da4accaceacf77b7dcf8f6aece31473076a3df81d19a608edd6b3f79d6a5b0572e1a8750085da81e340aa8
  DEADBEEF

[resp] 413 bytes
  hex: deadbeef0000018c08618f65bf032bc5cf8f588eb442b62c06777e9f16e3466f614fbbf9d261219df7f294039cafd57cc24c4dcd9c455a5006293b34
  DEADBEEF

[resp] 131 bytes
  hex: deadbeef00000079018296f576b799a6ae8f67d5b634481ebbd4440832433bbf949a9d567642b4568bf1e436c005ebc8bba2a82a9ab89d7ee55a1479
  DEADBEEF

[req] 183 bytes
  hex: deadbeef00000079350b44f849dd9732aa9569033661b13e1d1a960f21b6ccfcb0e5c0157fb5d47b8fba4d2ce3f07a25989007d39ccd579d7c234b87
  DEADBEEF

[resp] 2279 bytes
  hex: deadbeef000008cc1230ee3a09a71db8cbeef54e12510d1f63f28fa758c56094cee2c78d9d8f76e16c8db9f33bee0d8a3bb38aafd2f5381fe703cc9c
  DEADBEEF

[req] 270 bytes
  hex: deadbeef000000f90c3c1ab4d360bcead32216fc13478894d4ddd9697adb45cce02a7a958a43c6e6ea6fc4b68fdc1b3030b0243a27eda93c3b94ef31
  DEADBEEF

[req] 388 bytes
  hex: deadbeef00000159220654f91054e9c1c2a7b660882e390ba33bec28baa3877ae7f3a313567b7364546a6c3de0f8bb8a122f1cfdb14387115493cf57
  DEADBEEF

[req] 399 bytes
  hex: deadbeef000001493dea028fd99d68f21b8a4cb8b84ee147feab7377b294dc5271e4b5d6dbb4b1f720850bf8eabe438b4d71e92ff90e1a7ebe515a61
  DEADBEEF

[resp] 4393 bytes
  hex: deadbeef000010ec34a6feca0a8b7abf832a66b575d01d2eec84248aabd3f63f75437fe1bfef42f443038420c1ef6107531d041129fb50af4ede9a86
  DEADBEEF

[req] 329 bytes
  hex: deadbeef0000011927e62020b947ef6f3a1ae32c7be722de0c906c867802a0f7d67bb83ba435df705060f9c110278292bb64f59d1f5ce369b572912c
  DEADBEEF

[resp] 5524 bytes
  hex: deadbeef0000156c1ff0928def71adff3b309ac64eab9a41b2ba2701d4a9f5c22ca6da90079c2b5a4417d72fb3a87b46fd1036c9ae4f0e184fd471cb
  DEADBEEF

[req] 1117 bytes
  hex: deadbeef00000424300a9701f84ff504d3e9ec8376de4ea47c8f38813991827614b74ae61abcd702b1cdd58a98fb7f199ac3a25c4904c96441e8d185
  DEADBEEF

[resp] 12623 bytes
  hex: deadbeef0000312c1a351e0af65aa2b12a7642d04859808a2997d12e6a67a0711276094861c9f0bc5b66eee6129390d0800ff50145b07efe376d5bae
  DEADBEEF

[req] 433 bytes
  hex: deadbeef000001792fce5313f44a395419407ea1dba7a713a64cc13f580d0579fd1ce05f8c1fb9d6d1f1aef872a25d022b4ff8d2bd8e89c48ad2c97f
  DEADBEEF

[resp] 7469 bytes
  hex: deadbeef00001d1c08da38ec05ad209b4378c0ae68e46936f3a64444253d1c2bcaaaa0ef58c12a7fdc611c394493d6506b2b779dc02f967a332d57a2
  DEADBEEF

[resp] 141 bytes
  hex: deadbeef000000691bac55dff8ab27d5252e16c527a351c93b4b77fe51741b6a6060f103d9a804e37232cb29959e2ab1ace757ae912fea839b823042
  DEADBEEF

[req] 647 bytes
  hex: deadbeef000002621c109dcaa888f37ae0db6fa8025641ca4f891c4e28fa818ca4bccf7b2f1950d371ad12b407638973059b854c8927b72eb6410b6a
  DEADBEEF

[resp] 144 bytes
  hex: deadbeef000000691ec93e8aab0abf6b15f257e6235f3e0c171c3dea4ddf2edc65a0baf1398a16f8f267ec765356b5a70c80524cbf766e57785fbebb
  DEADBEEF

[resp] 160 bytes
  hex: deadbeef000000692e77ab000ffb4c044a638ed6f3cfbf813627bd0221b4ff196a162b6dd7c6e8d11502307c1d168bd54d0448adfbf051e042b71559
  DEADBEEF

[resp] 2407 bytes
  hex: deadbeef0000094c128aaac922225b6e55af99a2e574983a92fd480f38f4f16e68d31f78cdd35801dfecc816ba3924251e628d127c1d3be535b31706
  DEADBEEF

[resp] 153 bytes
  hex: deadbeef00000069274dedb193c7b1bab093d42fdd22783e8fbc5916785f79c1467686f0083f928b6929caeb58deae91381cb5a00e1a8521715373f6
  DEADBEEF

[req] 262 bytes
  hex: deadbeef000000e914d1faabfe86dbe95b6df3dd0828cd03af34bea9a6477b4c8f7584a80ca6980c43371ebf0d554d62cd86576a8bbf2759efad51f9
  DEADBEEF

[req] 397 bytes
  hex: deadbeef000001691b9aeafeb659cad7b5d2ef1ef7c7f3cbef11317073b820366ed55aeade45402764019c652a10b2d73f58b4bc51277cb96934d020
  DEADBEEF

[req] 285 bytes
  hex: deadbeef000000e92beb9978856d6fdc5c17269c78edb348fd5797801b0784f711174ed07f2fcd0470eec7b8fb11a0cd05f270c7da1cc08cd01e4115
  DEADBEEF

[req] 259 bytes
  hex: deadbeef000000d921cb31b0013ac1c26fa2dc862ca768c5bbe063eb87dbd9f9b8364125e96d1dd8901fa5e2bb0bf65c41e36bb271c9b7a00d6bab53
  DEADBEEF

[req] 314 bytes
  hex: deadbeef000000f938fddd534ca2792697144caa2fd969eec65a39d2799e5026c39486890e6b77f8a5e04bb183361c57629fbfdd4e347b55a6ac2065
  DEADBEEF

[req] 506 bytes
  hex: deadbeef000001d21f8041cbaf435db520d5ddad31a025a9e61590418d922f6f3d57e89d44aa1690c74c2a33f8e0b16d7a242d01ff4fb580d0823291
  DEADBEEF

[req] 301 bytes
  hex: deadbeef000001190bdf57c1f6fb6e0b0288743eb9ba5d41f7d80a356e4d1d5c08e25dd392ca1832494ee19306f85f2a42324cb8a0f6d69dd6d51d2e
  DEADBEEF

[req] 297 bytes
  hex: deadbeef000000e9371db1a1dc8cb459a72e3c3dc6399d65c6a246bcc3d62878cf835413eef16c5caa6acd5c067d6bb9f020bf5bae21609b2fc81f13
  DEADBEEF

[req] 256 bytes
  hex: deadbeef000000e90ee431e520294efe420cdbd9eae734aa861e524e4d7c48ee93b07009abc8d43d079d54cabd4bc4454f8f3f94a24ec0bb61630574
  DEADBEEF

[req] 292 bytes
  hex: deadbeef0000010912ed3ec6d66d062a71444fabf686456d804c02aa1d276978368d0d50c8cfae5d2f7f6f35114bd760bd057d8a6e2dc2041f97eedd
  DEADBEEF

[req] 252 bytes
  hex: deadbeef000000e90a46d78cfbbfc731f955958fd61cd6010fe5b82aa5aaba693d87dd7520af9d1fbd83dc49f2f1716f9fc431b0b32d90ab8bf799f4
  DEADBEEF

[req] 409 bytes
  hex: deadbeef000001820edaf0cc9ab93a643245f238954d56a4694f46e91865f85671cf58f65ac6eba201a8f7ce30465b1e5f04e91c586dda0b6d82ca9a
  DEADBEEF

[resp] 177 bytes
  hex: deadbeef000000693f0e79368cd804383d5a1de3861cd04ebf7d733b36e4906bc9426ad2e124aff982efff9bead8b9c216f700841877c697235ea49d
  DEADBEEF

[resp] 129 bytes
  hex: deadbeef000000690fe26d6cfccd640b983f8c95f9df8a7f6796701871885bb07f3b0c12dec6cab8a290441acd434b77f0090d871ac7d400e7a7a904
  DEADBEEF

[resp] 171 bytes
  hex: deadbeef000000693935a0dd24789046b9b1adc6543b7cd206e86c2c682507494acabb3025eec161dd63c8084b1306f476c012c1c4106babd09252c4
  DEADBEEF

[resp] 134 bytes
  hex: deadbeef000000691445c7073526aa4e20bbe68c9bf77bf67bd8f96f1ed9795b96864565afca3f72fd0bd3a64dc3700d47e0c6af2b1cbd70c4db91b6
  DEADBEEF

[resp] 144 bytes
  hex: deadbeef000000691e66279360caccfe66ee776896e8a2ef2f1dc1445969c1c1ecbec0a4861898087a0264119dfc3f8c47e467fa58b05423f659eeaa
  DEADBEEF

[req] 334 bytes
  hex: deadbeef000001291ca1cbbc5f0927bdbaca07a2eb8fdc71ee547bf76333fe08d5002e367e2a61cd4781536f5e7bb60c1e7913db13075c4b899d4257
  DEADBEEF

[req] 531 bytes
  hex: deadbeef000001d238488c2b0fa506bbd6c9500714465920f70b8c858c9fc1394eb84bc0fdd64b024ef5a2b794709ad1c9e5ec0534fc7ab3828522fd
  DEADBEEF

[req] 416 bytes
  hex: deadbeef000001791e8c1f397872ca1ffd39161a16ce523798e9ec29db1b74e64987b2c29f18dc853279b495beda4fbaddfc3b4fd465fdf292823818
  DEADBEEF

[req] 334 bytes
  hex: deadbeef000001390c0d684a90c296467e9011ae8470b9cda7f7dd201409b2ffd4538ea59e4555b5531e858018ea6b7cc22a6c3ef1fbe5737acd3847
  DEADBEEF

[resp] 156 bytes
  hex: deadbeef000000692aaa63cbc070b03262847183d040b6170a1170e5236e5b06fd899e883829b6ba81514be199b566100d453c858ed34ba2e56fab3a
  DEADBEEF

[resp] 140 bytes
  hex: deadbeef000000691ae8cb08b6b31575f85b1f48a0c4989df5946b8ebe3bb1125d96eb1ed236c55095c02cd9c5b546a9634854411919fef0a5542c84
  DEADBEEF

[req] 502 bytes
  hex: deadbeef000001b23bf4e0b5b1c1686a5cb2f7e93c62f7ab020c417dbbb29d74c34e2205a17edf6d89c5627601eb715dfcce304604f9f4943b26949b
  DEADBEEF

[req] 176 bytes
  hex: deadbeef000000891ec06c17c11fee306350184919f5c733a0e47fc71d40f066f85d2393752e9aaf67853ee58ac54ac29485d6512a74e9822877e265
  DEADBEEF

[resp] 139 bytes
  hex: deadbeef0000006919cf44aaffbba9d7772ca638beade551977da17225c9b7303f52990c73a14f97ab0bd540697f5bb30d3b4beb8399adaa3982313a
  DEADBEEF

[resp] 176 bytes
  hex: deadbeef000000693eb1263ef5c4b2e1728f3c64525330be16c0940bfad03ac6899ab0fb5d3f4b343a5578caff581017cdb94db048b94f0aee74fc86
  DEADBEEF

[req] 292 bytes
  hex: deadbeef000000f922648015191ab296469b444acbcc78e54cf9407aa7407961d340829122f861f36429b173da79eee9a4d975a857c0ee85564c9c31
  DEADBEEF

[req] 330 bytes
  hex: deadbeef000001221f4fc9a8674a1376888580d12a5b23d0179dbd02ad398a2bf5f73e4b55b18484619f11951cbebcc993d6538374d9e47a3defc825
  DEADBEEF

[req] 382 bytes
  hex: deadbeef000001393c42947edcd337b590d172229b8b13091a3331e9dbd59d068830858cf2553ce65d198153bb105ddaac14d1a7c888a10146cd7891
  DEADBEEF

[resp] 135 bytes
  hex: deadbeef000000691506697d503ab0c45101b2f9203928c82793ae3f6b4822db57a0330a6f4505f943d692a7460ce6157057eb6d30233525d234d2ec
  DEADBEEF

[resp] 149 bytes
  hex: deadbeef0000006923844d7cff0a6a216cdb4f317bfe4280d5025e1bfad52c67b99566f8818f81b9e6ab8ac58106d6354e5a3bc4d00186d81a78ee61
  DEADBEEF

[req] 387 bytes
  hex: deadbeef0000015921efa3ac205c51987040abacd8dd312ca685ff90a853084e86a3ad862b5ab8c316f363007418e9b47c9b352fc05a6db0eb0fbd53
  DEADBEEF

[req] 464 bytes
  hex: deadbeef000001992e3ff1b80adadd91b3281ff21b80a10ae5f4a218d0745035a48fea62b525234a6a768396b697e969c0be316324f554f9edcb999a
  DEADBEEF

[req] 302 bytes
  hex: deadbeef000001091c2a98911ab1da9f63a9370e62af8d5c6c8e737fd90351ede4931c355ce52c0292fa209be9a3339557f0ae77daf7b53154c2eea1
  DEADBEEF

[req] 264 bytes
  hex: deadbeef000000f9064269440b7e98263148b2e4121d970891361b14be4f186c613c76ed92a9636a1fecc61c816850a4def5550349de174ab00455f6
  DEADBEEF

[resp] 171 bytes
  hex: deadbeef00000069394c4bb6eb06440926a24eca293d624714d18ba8cb7fc253999ba5e9d7170af4fd030a0271e8d801b21f9bfeaf03ec09b35bb69c
  DEADBEEF

[resp] 145 bytes
  hex: deadbeef000000691f8291dcee77fe832cd5cc29960a511b56faa33f9139ae866fb0b989dd05c9ee48d7e4952284da682a167c042b91e9956f64d4d0
  DEADBEEF

[resp] 167 bytes
  hex: deadbeef0000006935ae533db4b022214150a9e397417dfccc60b07aea5aedb54e30331880b91620dbe0dbf4b4060e9e7f7c0b99e602376022645b07
  DEADBEEF

[resp] 144 bytes
  hex: deadbeef000000691ec8c4ba7dcb1219074e8871befde2ad90c9562bc536cdc1d239b6bfe1e19bd90df44e8be35050bebc8e4baac048480a13379974
  DEADBEEF

[resp] 173 bytes
  hex: deadbeef000000693bac8f390ebae581d532d30fa799039b33ed3e0e05e8a226cc4d9d4e936220158ceec83cdf8f1bb52ff5ea620b328c9ed8ddf468
  DEADBEEF

[resp] 142 bytes
  hex: deadbeef000000691cbd62a88cfbaf0f0d18c9a47cde6aef25d2953f58dc4cb5d8300dcf0188e1dc2396ba3a1e31c18ed1ae8e65ebc361242a08bd93
  DEADBEEF

[req] 493 bytes
  hex: deadbeef000001d2120b523b549044fb66bc6c21ff7a074133dcf8e666bac3c8a771beafade3fac84cb9567d6ac59cee291dbce4ca449a6a3cad7fc9
  DEADBEEF

[req] 811 bytes
  hex: deadbeef000002f23027dee25f0325117aa6f0725b8b280bd52d0c17d51d53efb9c5fca9488d6741e6b25e0fbd1abc1464042f7afe99a91375974080
  DEADBEEF

[resp] 152 bytes
  hex: deadbeef0000006926480119c05fb0d1047c5cad07a6511b74306bf702bf3feb75d886834bd90450ea2d985845626a48d80f2c244065ea7a034d2592
  DEADBEEF

[resp] 127 bytes
  hex: deadbeef000000690d0fa9c917f8420713f19c3a0e59a4bc16dc685575ee30eaedcabdc0757bfd05bdac7552b71588722fc49589de190a114c08d9b5
  DEADBEEF

[resp] 133 bytes
  hex: deadbeef0000006913c57df5cbdacdf7940341bdf572b25c841ae544a27dc18079475185ecc15ed2cc830fefebc094a3b1d804adb5601aee2372c33a
  DEADBEEF

[resp] 173 bytes
  hex: deadbeef000000693beb3255c1f04ce9c0607eb24f5b9706d32e455f4bdb68f3f53d2b260fa1cc1e11aba6194504239b5c48ccddcca802e82f565c98
  DEADBEEF

[req] 236 bytes
  hex: deadbeef000000b92ac708f006bd3c78d7c32cc682dfd154cbad44013f4c32a7fde6600239ec8f421eb1e791e4b0dc56c3583efdc54116872efaa368
  DEADBEEF

[req] 336 bytes
  hex: deadbeef000001390ed2f7b1e31d617a21451b30e43cbe71c39172094e658414731819606656ab5192a2600ceca474c825529f79b3fb2182d0d5f609
  DEADBEEF

[req] 319 bytes
  hex: deadbeef000001290d49711020ae545684bfb0ec442a6702946b636d61a09a818fd1d5dd0b68f16bae265be0e70f2d9b35e2fbf65e27041ac7559244
  DEADBEEF

[req] 285 bytes
  hex: deadbeef000000d93b9e9b9bf90e36666a9a738cfaf11a0ce5afbfb2b925d2888bdb2b033f5a91b11f256c912ce51534cc5954b04d9dd9b1793d9438
  DEADBEEF

[req] 391 bytes
  hex: deadbeef000001493576059bdca2724ed9263cd9876405e7e1a9bbb676511b57c037e8020c74c0c208a3f7f38e2e3aa18cb90ddb53838c5ba2c65e2a
  DEADBEEF

[req] 204 bytes
  hex: deadbeef000000a91ad365e74582411244790c8fb65777ea312be4275b6c79acf5647e2358313dee95dfdfed74af28b65b3bb1d1a4441b75a0627524
  DEADBEEF

[resp] 134 bytes
  hex: deadbeef00000069147938155d15f9ffd02771ac95983d56e4a0af2fbeb6c3e78d72de424d836fe2ebb93ab6aacaf725fea6265ccdfd0da4d7043a74
  DEADBEEF

[resp] 173 bytes
  hex: deadbeef000000693bfa20023057ea1879fd60562ca357c9dcda4fda391c722175f245170fd79f9aa9f1fba8a3a5c94c83089123b005a63ca49b3c75
  DEADBEEF

[resp] 164 bytes
  hex: deadbeef0000006932efd76ae92b796894bff8590039ee8c1faab27ba2b7b1a85ee6f7ef638a737ef7fdbe107de6a5b26cf65493626feb7dc2171484
  DEADBEEF

[resp] 131 bytes
  hex: deadbeef0000006911d850a121e250013efb34c7461e3f18ea0a39863447d3089886850b91f23258acdaf1f9105554b21be3614da52e9654fbecff38
  DEADBEEF

[resp] 125 bytes
  hex: deadbeef000000690b7192fabcfd30fc7cd4c0a9fcd55e003e16594b63a315f97a137e384b8b629fcd8686f6d45e16069d158eba2cb8b9e326010242
  DEADBEEF

[resp] 138 bytes
  hex: deadbeef00000069180d34ee125fa17bd3e40f528c564492dd3cfdbdb227372327c1f4a932ba684ae2dc6bd4fde6084121acf4d709baf04638037752
  DEADBEEF

[req] 636 bytes
  hex: deadbeef0000027201cf8792dcf93abf8debe03be59d00b17672322145413815f166d20c683de70580b09a47366a31d9cd78916e4c4d8d5db00ce793
  DEADBEEF

[req] 432 bytes
  hex: deadbeef000001792e5075c5d5cc438d47641c811b2c9ad506e68ab30c8f458670491626516f9ddc5d0278a124bea29c20e98b5cb2d963ad3a0c64ea
  DEADBEEF

[resp] 126 bytes
  hex: deadbeef000000690c7a9866ddfd1c8ec29933b2487c22042e1ca6ceec89db41e017a4a23296e370a49802618ed0af60e2456ee508e56224982c27c1
  DEADBEEF

[resp] 134 bytes
  hex: deadbeef0000006914865d441f3197c0c0c6a7b2955bb71f2408847c420c7eb6c5c791e8a4f3569542223b9d60348e0b92960d863ec2a2d6d2eb4535
  DEADBEEF

[req] 337 bytes
  hex: deadbeef000001291f4f42b9de102e51d729a7399ee2218dad376a53195b7c61112a11c64e82a1149a44902de90cac37dbb865676aabd642bd112cfc
  DEADBEEF

[req] 352 bytes
  hex: deadbeef000001391e99e513533c28a13dc757836776641dd2db095631b7ef4e4a872abd9297df13f17429f2bee498536a9a5f8f251a0377cc593a04
  DEADBEEF

[req] 339 bytes
  hex: deadbeef00000149019eee7e56421a1cce74c56c6abe1bf7c91033d328bcc6665e3ad9ffb70452c3b421264cb4bf687d306e869e19cff3e5489caefd
  DEADBEEF

[resp] 177 bytes
  hex: deadbeef000000693f865bf035c73adf456026604ad7021e76978a3d9f33d8bf0fbb7189784d8fd24067a4bf19cf25f2f6e01e216054b6f5af93fc38
  DEADBEEF

[resp] 143 bytes
  hex: deadbeef000000691dd9e49790624cfb8ea65271799bb690bdfc4f70bd887666b093dffc0a262bd32e28d27893342c29c923cd1aac3b9d30b7b0ea12
  DEADBEEF

[resp] 173 bytes
  hex: deadbeef000000693b814ca110b202b38278c9f1df9df8e592f0132f73ded4cf30210c86e34a22c8997b25fd6bbc6bd14478db12cefe9e2acce81afb
  DEADBEEF

[resp] 150 bytes
  hex: deadbeef0000006924191165fc0899b450f931b4f1e16514df3329e834288466223abdb9f66261e3fa5ea5bf96edd956ad74f045fa46f0b1398a05ad
  DEADBEEF

[resp] 174 bytes
  hex: deadbeef000000693cf49ff251246a5d2705c3af251ac24d43ba359d7063580e750eb7b8407ffa8387d5bcc0b75a79f41a69cdf5d071ccd5ed4acfdc
  DEADBEEF

[resp] 149 bytes
  hex: deadbeef0000006923c490977c4784572440cb1e7b43ad1a427aa5e27696ddaa423be9893001416c2ea74bccf26ef448b7bbfdd25aeca29969fda381
  DEADBEEF

[req] 635 bytes
  hex: deadbeef0000025220a54aefbca36869de3c59a01fd7c516cb5a187ff8049e7e7f54487e72975bdb8448d9a40c899ae1ebdb1bc57b38b01bbe4bcada
  DEADBEEF

[req] 417 bytes
  hex: deadbeef000001890f45efeedc7d3e83a2b46621a360c46884efeec4e3842787fbf4f452eda422a624d0b380240473f6c7f21a06eca5cf0e82416c55
  DEADBEEF

[resp] 135 bytes
  hex: deadbeef0000006915ede0b697967796063b5ec86bd300580f132db8595290b1a17f2a9211233ebb4b4130cdd92dc38808c70bf244e00290fab8325a
  DEADBEEF

[resp] 134 bytes
  hex: deadbeef0000006914464cc17014b7c596a60f750bbf727d4c97c80dda0e947444f67d237e197b2ac017c2d81034114e2bbd991272a292067d409264
  DEADBEEF

[resp] 134 bytes
  hex: deadbeef00000069142cc36d26d3d1ce099e12d35ecf2e3c09cd4dc619747753348b9094fc2d1fbe2d850420a8429931d5b6219e0dc2aab946db444d
  DEADBEEF

[resp] 117 bytes
  hex: deadbeef000000690322669a569a03e1ef421ebdbdd076748d96e6b7086ec9c778b0d05630e919cc2d32c4b0e481e3683851b10b7f5ff3d8b1276ac1
  DEADBEEF

[req] 252 bytes
  hex: deadbeef000000e90a073dc7c1066e3d5654a28b59a4d203656b32907005965bb713bbf3c89f550c165310f606a2931ea8bfb009295c8b8721b54f7d
  DEADBEEF

[req] 277 bytes
  hex: deadbeef000000f913cb459a6a92b86b209d6fc075cf2d3b44d848b40b9d3ba2072490a1bbd445f3dd4cc3ab889d2f8885ab00c0c7117e3415e5f776
  DEADBEEF

[resp] 116 bytes
  hex: deadbeef00000069027091698a8f2861a6c33ffffde835b837d759f36261f96ef04b281d0223d8cbb996a859265acbee8d8aaae1030619b1b043e203
  DEADBEEF

[resp] 174 bytes
  hex: deadbeef000000693cf5bbeadaf26fc472bf5009f25c24ae84b36a2b8f13b97e698c27ebdcba5db95e7b446515b8854d873dd01d71d4617713ac06e3
  DEADBEEF

[req] 255 bytes
  hex: deadbeef000000b93db30f3b03ceec738fbb2c243b525b0c6b50d094715eab0250004ca4dc5f5ccd5e5c13fb2df30c8cebdf88a881b1d6ab7223f986
  DEADBEEF

[req] 323 bytes
  hex: deadbeef00000129119c57bda06da54901cae2702001f099107818a43d29955ea185bea9f3dafa282170972ee12869132199bae7b943a7408c62a3dc
  DEADBEEF

[resp] 156 bytes
  hex: deadbeef000000692a6804f51204d821cafabd7686ce236a5fed35d509c1de58d4c1c67d7628a8d2b9b12991134adca4c399d5b93bbbe51d2e39f463
  DEADBEEF

[resp] 123 bytes
  hex: deadbeef00000069091caa54e50c33eb0396cd6b2cf0290f8c1d6759e09601d3f554f394c475996d33ff20fc9c2b6c24def22c3c5c02501d985a6dcd
  DEADBEEF

[resp] 133 bytes
  hex: deadbeef0000006913a965e9333ee79184e25ffe81d7832de82d5c909551ebda36b4bf515375a1e1dbfd2b054a16acc17b802dd3062085c23c945a88
  DEADBEEF

[resp] 116 bytes
  hex: deadbeef00000069023ed29564703cb628010eb7117d468c40e4f72275d7a78da8839355443e05e22b816e8dd8a3537c272ab570058dcd1ce8f16b65
  DEADBEEF

[resp] 148 bytes
  hex: deadbeef0000006922a0c5bc9df638b41121264c531dfebda70a5280e11691333dfdb3e20a7c97a7f030543223c40c46fbb8c2fdf8efcbee4a607b0c
  DEADBEEF

[req] 515 bytes
  hex: deadbeef000001d228252f7ff83095b5046b682d8583355a2fe6542c792535483673c595aa59aba5fa95ad724f6d58bfbd5e1ea8e37e308ee5df9e2c
  DEADBEEF

[req] 361 bytes
  hex: deadbeef000001392782ed66ccb115d8397b8313d157f51fe8658883ca94c3fb96725d73e7d951676eea68cfa217825e746f0a8b56844022e80d4066
  DEADBEEF

[resp] 130 bytes
  hex: deadbeef0000006910be23eddd9edb2063ba3a47015c753cf31f7cc39bbc459be8d44bc8efb497d464078b701127629aa5f04ae152c1f19f7ed30c88
  DEADBEEF

[resp] 173 bytes
  hex: deadbeef000000693b7441317ff5edc843862dd01902523a60e8b1790f6ac7c9e1ae1d9aa29f8816ecd6c4309824c879059aa12d4513834fb632126a
  DEADBEEF

[req] 205 bytes
  hex: deadbeef000000b90bdfe25636fd3f266db492598f9e0e2ba194f259db6036225204e42a630f87c027a31305658005ca27017a4d874fe650a87d2143
  DEADBEEF

[req] 555 bytes
  hex: deadbeef0000021210032e65226601646c8348e1b4ec42478ddab342a9c27c5d4780bd6742b4e2299da87ecd49fec1f2e8fbe092650838515792e174
  DEADBEEF

[req] 203 bytes
  hex: deadbeef00000099295764b9aa3554d5e555e172fa9a50167c437d797440f754a013f65f17d2bf4cade60db6e8a5f9c02eff8f89b849728ef34b4044
  DEADBEEF

[resp] 159 bytes
  hex: deadbeef000000692df80a4f4ce2004dc7eff082b49adec11c0bf9b819e9ec056c1ec38e7a12a8d579628a7891e95552afb03d7cea5a91e305b1ad2f
  DEADBEEF

[resp] 160 bytes
  hex: deadbeef000000692ef75bcdb16c66b9aa4ad2ad275511199938afae70fd92f62dccedee944ced83a8aa14983ba58b327ac5521e19d44ca09a520571
  DEADBEEF

[resp] 141 bytes
  hex: deadbeef000000691b4b25b3da77b709499a0bb5526cecb9c54be057a6a07dd9c8c3ae0c81330e1b16b45cf41e220d65a71ee2a8390f8ab2c359e3a7
  DEADBEEF

[req] 235 bytes
  hex: deadbeef000000d909c0324688d4a8227d99e52f75bfecd16bbeaedcffc6f2e64cdb2b43ac6677241cb44aa8febdebb20fc88f06d0a2c52ff733db14
  DEADBEEF

[resp] 172 bytes
  hex: deadbeef000000693ae99a7db84418e13dab37da827441b7ed6f359d6d5356970e90d7a42cc814b6b60c11478ee3352a8902dbdbb3df65dedc863711
  DEADBEEF

[resp] 114 bytes
  hex: deadbeef0000006900d8ce74cc6780c973480c05d8c4dfd759f7649645b68986fdabc0cc11170c88335c9205ff3f9711812acb74a084941a465007b0
  DEADBEEF

[req] 325 bytes
  hex: deadbeef0000010933dd85ae5686c0e575325050cd5183ababcd0c744a685899d12dce91227fb34b12d9557a91e0f78a3c35e1305b71d764100a1365
  DEADBEEF

[req] 288 bytes
  hex: deadbeef000000e92e59fbb9d2172ea47c11fd457ee1862bb67b5965b29d8d122e95a63b4d26b003383542a3930bfc44ef74b5708c494313525023b7
  DEADBEEF

[resp] 149 bytes
  hex: deadbeef0000006923f4ff72d8f299473e6c337c61f8a5fe030d1138dfb5f399e6fec3915cfba66678627645f0d20eaec2884b02e9fc0d94f8a25fe5
  DEADBEEF

[req] 584 bytes
  hex: deadbeef000002320de6f0ed5458bc27541917bc65cd1567f68b51844b0b913984f6690e1e70e7b13aaed67b53d456b72add163e92efa4ca483b9e08
  DEADBEEF

[req] 389 bytes
  hex: deadbeef000001720a889af5f0b99b5cdce22a9d1f4de8b854e15d6f1bb0bf319a131091e9b362a4dcd994ae3173b6e9992417bd3104c24bf43c0161
  DEADBEEF

[resp] 125 bytes
  hex: deadbeef000000690b0de3698fdfb411253c759cf0e51a81ae40d322ae6275902c082ea945e83dfc37ac41ce91f23d5466ecc5002aa5a496d70d05e5
  DEADBEEF

[resp] 177 bytes
  hex: deadbeef000000693f2b5d356ee2c489b70a8af6f6bc521e1986e81e0a3084c68e04676a1cc857a804c1030c778efabb03579aec6bd95ac5ff94f698
  DEADBEEF

[req] 237 bytes
  hex: deadbeef000000c91b326b2cf1ec367e02a3660224f9cc94f019755598ff4950b40f52fba4adc59f6219b2b4173d1abdf6483683f73fb1c29f2f2408
  DEADBEEF

[req] 269 bytes
  hex: deadbeef000000d92bda4ccd745e97578c0772e2cb44591ae4495137076fb23853336daada8c8ce1d999ca875229b66dfb6d43fee09a112b1001a27e
  DEADBEEF

[resp] 139 bytes
  hex: deadbeef0000006919623ce56a9155c925243d88b17980848a1738dfbb9a5dc8ba40f207a5b749c7b2c144e5e3af0abb4283f7f3e5ff6a5f4633c1bf
  DEADBEEF

[req] 575 bytes
  hex: deadbeef00000212240254ff821f2b7aed9ead0f753a4d61e917bdb1e3d3d46b1c3ddebaa905c313719c73dc6a9e309b3abaf30bde60c2061193c98a
  DEADBEEF

[req] 190 bytes
  hex: deadbeef000000892c593fec4e79763dc9414ab38abff2a48b7f93a964ac7057d3ff6a172dff5622ac1cb892b0a410260c038e4fa900372b7854da2f
  DEADBEEF

[resp] 161 bytes
  hex: deadbeef000000692f14647e4d0d5a55be4c14adf110918d2e36e91280791f5f7bd468911a97e991c5a6e4924e397e4234f7e9d72e314b84d560dc4b
  DEADBEEF

[resp] 167 bytes
  hex: deadbeef00000069354d3cf3ccd17c11ca4473cb9349e234dc68e96cac3698e3020422d7a3f5055168e74e16225feecdb56c3c1014f84a530cb15fd9
  DEADBEEF

[resp] 162 bytes
  hex: deadbeef00000069309d41bd9a5e4aea2f0de16abb38d486a4b310214dd905e6e4c47952e4189b0c5e81d2c599a1a8cb8fc6fed0856cca3fa1c121de
  DEADBEEF

[resp] 165 bytes
  hex: deadbeef0000006933b80cbd8535bb3b89da7903f693148db6475d500b020ada2b13bbcf1a3afb8c2f5601842edc3fbce70cc685160b18e6f95a7710
  DEADBEEF

[resp] 157 bytes
  hex: deadbeef000000692b18ae791525f3b7de7d848cb794d29f5a512c5827160c7d60cc26eba87d4728dc8afc07f198d2bbe585f3a93d8789ad49ac1007
  DEADBEEF

[resp] 122 bytes
  hex: deadbeef0000005918b5234dcdd5c9f4a67daa57c319b1b75ee1fff518c1fad214604b36052db5a39a6dbf4d5db168236bd07e7e24eb9cabc7abc14a
  DEADBEEF

[req] 259 bytes
  hex: deadbeef000000d9219ad9cf76bc56ef76ff7814c8552583e90f1a85213a04b47878f4f1c9efe82820959471520097a52754b67518c8d034fe4ed061
  DEADBEEF

[req] 625 bytes
  hex: deadbeef0000024226bafdc499cd48d0c314d0ee6dc26ca946b62827685342073985d1178a982441bee665ff050de2c183415af457bfecfad146d9ec
  DEADBEEF

[req] 300 bytes
  hex: deadbeef000001091a426817af695fa1bc833923ced5a9b98e5de9344a65a217789f9c94815a7c68883323b92acab84739d1f1d06fbd7615012bb86f
  DEADBEEF

[resp] 134 bytes
  hex: deadbeef0000006914cfd5c02669fe5f41c96703dc188a3210023e4ba259c52614708fd62704acf3323fea95c685d33c077045c1e4feddeac0c6ba43
  DEADBEEF

[resp] 159 bytes
  hex: deadbeef000000692dc78458793ea4b920c90a946dfe6fcc81d35c629a654781482e74bb37df50a27c2f8baac8da5c3e39ea24a70b782b5acb4334c4
  DEADBEEF

[req] 167 bytes
  hex: deadbeef0000008915bbe709557d0a080a462efb2a2802f5571824d2e2b14f6b60cfd487bfab250f7a34cf327e600b87d8e59b2b99189d533d35fdc6
  DEADBEEF

[req] 334 bytes
  hex: deadbeef000001093c91e62cf2463517895bc1f6f697d2996e9653093c2d04235c641dc717379f2655057a8e8a5fc28837d03e21c9e8e3291fcfb664
  DEADBEEF

[req] 361 bytes
  hex: deadbeef00000159077fcb93cbebdb8fbe846aee29e3ec4ff8ec8562cff19d74927bf2f085b50d599d66fe4bb377df4e8d14a13b8cd1b2b3acdec346
  DEADBEEF

[resp] 135 bytes
  hex: deadbeef0000006915a40d0fb064e5df14987f6f64183b013257372a27958681071afb0928936a060ef1bf70c95fcac58e2848a5d4ef04d7b9586e0e
  DEADBEEF

[resp] 135 bytes
  hex: deadbeef0000006915e7a219057b6be758962b1d3f9efda9c91c50f5636e3fb5941c792c720cefc31d2cdbfa3b37a77e2cf51d92b16e9b350bcee1fe
  DEADBEEF

[req] 347 bytes
  hex: deadbeef000001391901ca056a648ded346d406085f503527498b55558a44c9760550ea438d8686d503d5fa220e4fc8ce671e0d89aa628d30c7e3f8c
  DEADBEEF

[resp] 164 bytes
  hex: deadbeef0000006932f8b90b1f32fbabd9415aeee456769d5f17a2fe473ea267a37ba08d1509b345ab92e1c1fddb10f3603f36449d04e0e9e01b5540
  DEADBEEF

[resp] 155 bytes
  hex: deadbeef00000069292f4ad9687fb01c2526c2285a7b651810a401949c0dcd348c1ab45025b29f29637b4b608e2801b9541d418ab6e032fc63ee1ca3
  DEADBEEF

[resp] 170 bytes
  hex: deadbeef0000006938420aae7cedc0dcf2526c5115e5f90f74e67791ee91cc07429306546f4631d94afc6954986c016b152f0c8e3a729d5ee528b913
  DEADBEEF

[resp] 136 bytes
  hex: deadbeef0000006916850de9672c2ceed4aac85abe04593c60247512bc17fbca9ad2feded3d41cfc426a3452c73d57caa5e71f65163bab948fce0a55
  DEADBEEF

[resp] 129 bytes
  hex: deadbeef000000690f6643d052132e66dcc32487735161d5224ab9f1e76dfcfd1d09064f613b6c3f74b547bf848beb52dded670154fcef98bf617826
  DEADBEEF

[req] 306 bytes
  hex: deadbeef000000f9300afed56b01be64db4a54adf5228f147a7cf136635dcc78a6a267bb65458c5bf685c93a95e510d03d0cf53a66d22d2371594b06
  DEADBEEF

[resp] 122 bytes
  hex: deadbeef0000006908c406bb0a75c5dedcbc219e6c0ff4c8be4874b5b013a977c461f1ae2c2bbaecb6a3b43a2e304764d61d1c29e5b3a60e373fe91b
  DEADBEEF

[req] 267 bytes
  hex: deadbeef000000f909d482dd7ddabb85c9de8ed8394bea24eaa7d25ecd8da2e41f1b67bba224c4f6b4648f9bb07459b2b5fbe008668c36e16185494a
  DEADBEEF

[resp] 171 bytes
  hex: deadbeef000000693949908a3b8e463f900e3267d094fc55991031a2b3301beae5f3d98f7a0846f5f548d5b2e8e400c40cda1a246dfd6672c6e08938
  DEADBEEF

[resp] 144 bytes
  hex: deadbeef000000691eea39c62a1b3aee135da316860474485d69f7194df35f5bf0d0953419c5898a9e3d88b871e33d92b87b28d1745b4259cdf59204
  DEADBEEF

[resp] 177 bytes
  hex: deadbeef000000693fe77f71feed00362b1cddf81bf95264b01f1f7172acb2925dafe7c6a0bc4c00cd39c723081c31bcbc8779e72837f9cf1388a5fc
  DEADBEEF

[resp] 117 bytes
  hex: deadbeef0000006903aa79aca75f8311daacb3476cc3f76a1d4cc5e2bd21c016b5fe243e6e2e88a41ea4166dce296b91a82fc5b2df831308f11ef874
  DEADBEEF

[req] 466 bytes
  hex: deadbeef00000199308879ecaea8acecdf3b4974529854b621879e4a0821f9dc9e0db089831d008cdc32d5b78650d20862d7d19327ea2b0a6b8cf464
  DEADBEEF

[resp] 141 bytes
  hex: deadbeef000000691b66f74c91ca1aeeea82afd502dd22e5c476f0583d449f2c37755ab575a658cc1072e6bd425d0a56d216500f08e60b4d85bd23b8
  DEADBEEF

[resp] 430 bytes
  hex: deadbeef000001990c81e090730527bce58e697d1c7b320adc3240abcafb5c723f044e5bc45aae5f9409959569951ea081e2c14dc56ae591c713c629
  DEADBEEF

[req] 250 bytes
  hex: deadbeef000000e908188cfdb5a5815427cb2ad451067688ef6b71d030188a408050bff0609285f3b3f3d680234a50753b9068a464e4ff01ee13b497
  DEADBEEF

[resp] 149 bytes
  hex: deadbeef0000006923c9fbfef1c017a2ed9abe9f99559d3600cf6993d6174951eea27edb1f271a33fd54574ab25bfb83a94f5ef4bd16cf2297779436
  DEADBEEF

[resp] 10530 bytes
  hex: deadbeef000028fc1d1c2fb9c7464995678e2f222c7aee330d5dadd6adafa548c1ed5fcf0863fc182ebb2779dba5c2186bc11098d5f2092a0e19f249
  DEADBEEF

[resp] 155 bytes
  hex: deadbeef000000692966f4042f844c9254c2bf045c9edae430f0b1396691e591a02f573060da08131d4a50eee0a84a89232b306ed39d0306d414e48d
  DEADBEEF

[resp] 130 bytes
  hex: deadbeef0000006910e5f1562bbe7b73360fcf3fb7ec41952aa17e18174b02d2e899c16508f2f267130e1676d576b10a96c1a6c2920c8c351ca7f24e
  DEADBEEF

[resp] 149 bytes
  hex: deadbeef0000006923a5551c1e4cab2f2528d0d68327763bd9742f624ac2640fc7c3dcf7bd293b32fe431a640b34340f84993027818ae88cee2b107f
  DEADBEEF

[req] 319 bytes
  hex: deadbeef000001290de1fee658d804947a144ddbc26dd64a9179f4c2d41e9e4fa135da4fc58645eda7d2d177a36c12b1b81b9b30b6a277e62e2d9bfd
  DEADBEEF

[resp] 135 bytes
  hex: deadbeef00000059250badc35e9a7231ee52091563ed285b070158f8095e48fb89b7493b741293420dc182534d09236b08e3efafc27a53aa62474219
  DEADBEEF

[req] 290 bytes
  hex: deadbeef0000010910e130af804a29a161b7007da9b7b3bf8cb24ce61ced947dd302263eed01bc0b3a0ec09025c34cd5758c23e615867ff57e0e39e8
  DEADBEEF

[req] 256 bytes
  hex: deadbeef000000e90ef78c1b419d24c7d322d2cfd490e5455cf268cb185a0dd31f5462c633470417dafd324fc24295e121f539e24edd1ca38b5862c3
  DEADBEEF

[req] 378 bytes
  hex: deadbeef000001591839e6e14b9fc1facf6725e0cd5aabc129f3285d2241755030d77e80733f30b15c16e0a68a278441078fcd8bf5cd2f71a0f12696
  DEADBEEF

[resp] 102 bytes
  hex: deadbeef0000005904fc98e8294329794c15219122f6da4328c1a8366ff43e7c24b97fb5e3be198bface9a5d2ef589274bc5cb8c5d68b1efa3bec3c2
  DEADBEEF

[req] 256 bytes
  hex: deadbeef000000b93ef3811323a90236ebf91e891aac83ae33fcecceb290baf7a9daf5ec8d7d6c35b903aa92d51f7e76b29f32436ca428d27be6f7bd
  DEADBEEF

[req] 285 bytes
  hex: deadbeef000001090ba52cbcc319fb221204b667d437858d3ab3ce13403475500e905d46e7db9a61768fe30a983bec9788d39ea9ce6a50ea470d9e65
  DEADBEEF

[req] 380 bytes
  hex: deadbeef000001393a74056964b4b9304acb76ac6c8d5630d346eb639b6184c0efe97a2c2c21d8c492567dbf3953eaf3613f3f58f1fccba248feb72c
  DEADBEEF

[resp] 150 bytes
  hex: deadbeef00000059346ca3d0b632d0ed52d8c97614a2d2a0e38dc004a971fbcde5675500d9236ed4fccfbcedc16ed178ef127838f0b0d1cc8d20dde3
  DEADBEEF

[req] 435 bytes
  hex: deadbeef0000017931cf8e4e45a6d5923b296e14738dd78c75dca28ffed495bf7e2542deaf8f0a72886376a57cae6d4ccc69aa24e3cfc20f35d52585
  DEADBEEF

[req] 321 bytes
  hex: deadbeef000001092f17e7747e8e5c4f8799421b038284b8d2f723cc4e777311c4fb90838e26135e3a93664022f812e86f295cc9dd752703c9c9946b
  DEADBEEF

[resp] 479 bytes
  hex: deadbeef000001a92dc7b25941f559b3919b486c6b72f1f8f6bb93672d62cd9e863639d1937eeaaa69403388cdca89ca033e36e3c8404235fe593c2f
  DEADBEEF

[req] 197 bytes
  hex: deadbeef000000b903600f36e9572007206f4b865bd62c75667388de771f81a8f1bc28603a9f54db21a73d758821076f9dab3be12bdcd766f92bf826
  DEADBEEF

